#! /usr/bin/vvp
:ivl_version "0.9.7 " "(v0_9_7)";
:vpi_time_precision + 0;
:vpi_module "system";
:vpi_module "v2005_math";
:vpi_module "va_math";
S_0x851f10 .scope module, "simple_in_n_out" "simple_in_n_out" 2 3;
 .timescale 0 0;
L_0x882ae0 .functor AND 1, C4<z>, C4<z>, C4<1>, C4<1>;
L_0x882bc0 .functor AND 1, L_0x882ae0, C4<z>, C4<1>, C4<1>;
L_0x882ca0 .functor OR 1, C4<z>, C4<z>, C4<0>, C4<0>;
L_0x882dd0 .functor OR 1, L_0x882ca0, C4<z>, C4<0>, C4<0>;
v0x83fc50_0 .net *"_s0", 0 0, L_0x882ae0; 1 drivers
v0x8826d0_0 .net *"_s4", 0 0, L_0x882ca0; 1 drivers
v0x882770_0 .net "in_1", 0 0, C4<z>; 0 drivers
v0x882810_0 .net "in_2", 0 0, C4<z>; 0 drivers
v0x8828c0_0 .net "in_3", 0 0, C4<z>; 0 drivers
v0x882960_0 .net "out_1", 0 0, L_0x882bc0; 1 drivers
v0x882a40_0 .net "out_2", 0 0, L_0x882dd0; 1 drivers
# The file index is used to find the file name in the following table.
:file_names 3;
    "N/A";
    "<interactive>";
    "simple_in_n_out.v";
